<?xml version="1.0" encoding="UTF-8"?>
<!-- Generated by org.testng.reporters.JUnitReportReporter -->
<testsuite hostname="LP-ABDULM" failures="0" tests="1" name="com.test.AddToCart" time="28.472" errors="0" timestamp="2021-10-11T19:22:29 IST" skipped="0">
  <testcase classname="com.test.AddToCart" name="testAddToCart" time="28.472"/>
  <system-out>
    <![CDATA[Apple iPhone 13 Mini (128GB) - Midnight]]>
  </system-out>
</testsuite> <!-- com.test.AddToCart -->
